[debug] [2024-09-14T03:23:53.637Z] ----------------------------------------------------------------------
[debug] [2024-09-14T03:23:53.639Z] Command:       C:\Program Files\nodejs\node.exe C:\Users\arjun\AppData\Roaming\npm\node_modules\firebase-tools\lib\bin\firebase.js init
[debug] [2024-09-14T03:23:53.639Z] CLI Version:   13.17.0
[debug] [2024-09-14T03:23:53.640Z] Platform:      win32
[debug] [2024-09-14T03:23:53.640Z] Node Version:  v20.11.0
[debug] [2024-09-14T03:23:53.640Z] Time:          Sat Sep 14 2024 08:53:53 GMT+0530 (India Standard Time)
[debug] [2024-09-14T03:23:53.640Z] ----------------------------------------------------------------------
[debug] 
[debug] [2024-09-14T03:23:53.646Z] > command requires scopes: ["email","openid","https://www.googleapis.com/auth/cloudplatformprojects.readonly","https://www.googleapis.com/auth/firebase","https://www.googleapis.com/auth/cloud-platform"]
[debug] [2024-09-14T03:23:53.646Z] > authorizing via signed-in user (arjuncvinod007@gmail.com)
[info] 
     ######## #### ########  ######## ########     ###     ######  ########
     ##        ##  ##     ## ##       ##     ##  ##   ##  ##       ##
     ######    ##  ########  ######   ########  #########  ######  ######
     ##        ##  ##    ##  ##       ##     ## ##     ##       ## ##
     ##       #### ##     ## ######## ########  ##     ##  ######  ########

You're about to initialize a Firebase project in this directory:

  C:\Users\arjun\Desktop\GitHub\public-clipboard

[info] 
=== Project Setup
[info] 
[info] First, let's associate this project directory with a Firebase project.
[info] You can create multiple project aliases by running firebase use --add, 
[info] but for now we'll just set up a default project.
[info] 
[debug] [2024-09-14T03:24:15.505Z] >>> [apiv2][query] GET https://firebase.googleapis.com/v1beta1/projects pageSize=100
[debug] [2024-09-14T03:24:16.425Z] <<< [apiv2][status] GET https://firebase.googleapis.com/v1beta1/projects 200
[debug] [2024-09-14T03:24:16.425Z] <<< [apiv2][body] GET https://firebase.googleapis.com/v1beta1/projects [omitted]
[info] i  Using project clipboard-b81e3 (clipboard) 
[info] 
=== Database Setup
[info] i  database: ensuring required API firebasedatabase.googleapis.com is enabled... 
[debug] [2024-09-14T03:24:18.774Z] >>> [apiv2][query] GET https://serviceusage.googleapis.com/v1/projects/clipboard-b81e3/services/firebasedatabase.googleapis.com [none]
[debug] [2024-09-14T03:24:18.774Z] >>> [apiv2][(partial)header] GET https://serviceusage.googleapis.com/v1/projects/clipboard-b81e3/services/firebasedatabase.googleapis.com x-goog-quota-user=projects/clipboard-b81e3
[debug] [2024-09-14T03:24:20.555Z] <<< [apiv2][status] GET https://serviceusage.googleapis.com/v1/projects/clipboard-b81e3/services/firebasedatabase.googleapis.com 200
[debug] [2024-09-14T03:24:20.555Z] <<< [apiv2][body] GET https://serviceusage.googleapis.com/v1/projects/clipboard-b81e3/services/firebasedatabase.googleapis.com [omitted]
[warn] !  database: missing required API firebasedatabase.googleapis.com. Enabling now... 
[debug] [2024-09-14T03:24:20.556Z] >>> [apiv2][query] POST https://serviceusage.googleapis.com/v1/projects/clipboard-b81e3/services/firebasedatabase.googleapis.com:enable [none]
[debug] [2024-09-14T03:24:20.556Z] >>> [apiv2][(partial)header] POST https://serviceusage.googleapis.com/v1/projects/clipboard-b81e3/services/firebasedatabase.googleapis.com:enable x-goog-quota-user=projects/clipboard-b81e3
[debug] [2024-09-14T03:24:21.148Z] <<< [apiv2][status] POST https://serviceusage.googleapis.com/v1/projects/clipboard-b81e3/services/firebasedatabase.googleapis.com:enable 200
[debug] [2024-09-14T03:24:21.148Z] <<< [apiv2][body] POST https://serviceusage.googleapis.com/v1/projects/clipboard-b81e3/services/firebasedatabase.googleapis.com:enable [omitted]
[debug] [2024-09-14T03:24:31.159Z] >>> [apiv2][query] GET https://serviceusage.googleapis.com/v1/projects/clipboard-b81e3/services/firebasedatabase.googleapis.com [none]
[debug] [2024-09-14T03:24:31.160Z] >>> [apiv2][(partial)header] GET https://serviceusage.googleapis.com/v1/projects/clipboard-b81e3/services/firebasedatabase.googleapis.com x-goog-quota-user=projects/clipboard-b81e3
[debug] [2024-09-14T03:24:32.760Z] <<< [apiv2][status] GET https://serviceusage.googleapis.com/v1/projects/clipboard-b81e3/services/firebasedatabase.googleapis.com 200
[debug] [2024-09-14T03:24:32.761Z] <<< [apiv2][body] GET https://serviceusage.googleapis.com/v1/projects/clipboard-b81e3/services/firebasedatabase.googleapis.com [omitted]
[info] +  database: required API firebasedatabase.googleapis.com is enabled 
[info] 
[debug] [2024-09-14T03:24:32.763Z] >>> [apiv2][query] GET https://firebase.googleapis.com/v1beta1/projects/clipboard-b81e3 [none]
[debug] [2024-09-14T03:24:33.139Z] <<< [apiv2][status] GET https://firebase.googleapis.com/v1beta1/projects/clipboard-b81e3 200
[debug] [2024-09-14T03:24:33.139Z] <<< [apiv2][body] GET https://firebase.googleapis.com/v1beta1/projects/clipboard-b81e3 {"projectId":"clipboard-b81e3","projectNumber":"844745792459","displayName":"clipboard","name":"projects/clipboard-b81e3","resources":{"hostingSite":"clipboard-b81e3","storageBucket":"clipboard-b81e3.appspot.com","locationId":"asia-south1"},"state":"ACTIVE","etag":"1_dd1a836b-af58-447e-ad5a-cd9e5654af93"}
